<?xml version="1.0" encoding="UTF-8"?>
<!-- Generated by org.testng.reporters.JUnitReportReporter -->
<testsuite hostname="SANJEEVPF1NJJBV" failures="0" tests="1" name="com.plateiq.base.Base" time="0.004" errors="0" timestamp="22 May 2021 19:59:22 GMT" skipped="0">
  <testcase classname="com.plateiq.base.Base" name="test" time="0.004"/>
</testsuite> <!-- com.plateiq.base.Base -->
